app/build/intermediates/manifest_merge_blame_file/release/processReleaseMainManifest/manifest-merger-blame-release-report.txt
1<?xml version="1.0" encoding="utf-8"?>
2<manifest xmlns:android="http://schemas.android.com/apk/res/android"
3    package="com.example.patchtracker"
4    android:versionCode="1"
5    android:versionName="1.0" >
6
7    <uses-sdk
8        android:minSdkVersion="26"
9        android:targetSdkVersion="35" />
10
11    <uses-permission android:name="android.permission.INTERNET" />
11-->src/main/AndroidManifest.xml:5:5-67
11-->src/main/AndroidManifest.xml:5:22-64
12    <uses-permission android:name="android.permission.WAKE_LOCK" />
12-->[androidx.work:work-runtime:2.10.0] AndroidManifest.xml:23:5-68
12-->[androidx.work:work-runtime:2.10.0] AndroidManifest.xml:23:22-65
13    <uses-permission android:name="android.permission.ACCESS_NETWORK_STATE" />
13-->[androidx.work:work-runtime:2.10.0] AndroidManifest.xml:24:5-79
13-->[androidx.work:work-runtime:2.10.0] AndroidManifest.xml:24:22-76
14    <uses-permission android:name="android.permission.RECEIVE_BOOT_COMPLETED" />
14-->[androidx.work:work-runtime:2.10.0] AndroidManifest.xml:25:5-81
14-->[androidx.work:work-runtime:2.10.0] AndroidManifest.xml:25:22-78
15    <uses-permission android:name="android.permission.FOREGROUND_SERVICE" />
15-->[androidx.work:work-runtime:2.10.0] AndroidManifest.xml:26:5-77
15-->[androidx.work:work-runtime:2.10.0] AndroidManifest.xml:26:22-74
16
17    <permission
17-->[androidx.core:core:1.15.0] AndroidManifest.xml:22:5-24:47
18        android:name="com.example.patchtracker.DYNAMIC_RECEIVER_NOT_EXPORTED_PERMISSION"
18-->[androidx.core:core:1.15.0] AndroidManifest.xml:23:9-81
19        android:protectionLevel="signature" />
19-->[androidx.core:core:1.15.0] AndroidManifest.xml:24:9-44
20
21    <uses-permission android:name="com.example.patchtracker.DYNAMIC_RECEIVER_NOT_EXPORTED_PERMISSION" />
21-->[androidx.core:core:1.15.0] AndroidManifest.xml:26:5-97
21-->[androidx.core:core:1.15.0] AndroidManifest.xml:26:22-94
22
23    <application
23-->src/main/AndroidManifest.xml:7:5-26:19
24        android:allowBackup="true"
24-->src/main/AndroidManifest.xml:8:9-35
25        android:appComponentFactory="androidx.core.app.CoreComponentFactory"
25-->[androidx.core:core:1.15.0] AndroidManifest.xml:28:18-86
26        android:dataExtractionRules="@xml/data_extraction_rules"
26-->src/main/AndroidManifest.xml:9:9-65
27        android:extractNativeLibs="false"
28        android:fullBackupContent="@xml/backup_rules"
28-->src/main/AndroidManifest.xml:10:9-54
29        android:icon="@mipmap/ic_launcher"
29-->src/main/AndroidManifest.xml:11:9-43
30        android:label="@string/app_name"
30-->src/main/AndroidManifest.xml:12:9-41
31        android:roundIcon="@mipmap/ic_launcher_round"
31-->src/main/AndroidManifest.xml:13:9-54
32        android:supportsRtl="true"
32-->src/main/AndroidManifest.xml:14:9-35
33        android:theme="@style/Theme.PatchTracker" >
33-->src/main/AndroidManifest.xml:15:9-50
34        <activity
34-->src/main/AndroidManifest.xml:17:9-25:20
35            android:name="com.example.patchtracker.MainActivity"
35-->src/main/AndroidManifest.xml:18:13-41
36            android:exported="true"
36-->src/main/AndroidManifest.xml:19:13-36
37            android:theme="@style/Theme.PatchTracker" >
37-->src/main/AndroidManifest.xml:20:13-54
38            <intent-filter>
38-->src/main/AndroidManifest.xml:21:13-24:29
39                <action android:name="android.intent.action.MAIN" />
39-->src/main/AndroidManifest.xml:22:17-69
39-->src/main/AndroidManifest.xml:22:25-66
40
41                <category android:name="android.intent.category.LAUNCHER" />
41-->src/main/AndroidManifest.xml:23:17-77
41-->src/main/AndroidManifest.xml:23:27-74
42            </intent-filter>
43        </activity>
44        <activity
44-->[androidx.glance:glance-appwidget:1.1.1] AndroidManifest.xml:23:9-28:62
45            android:name="androidx.glance.appwidget.action.ActionTrampolineActivity"
45-->[androidx.glance:glance-appwidget:1.1.1] AndroidManifest.xml:24:13-85
46            android:enabled="true"
46-->[androidx.glance:glance-appwidget:1.1.1] AndroidManifest.xml:25:13-35
47            android:excludeFromRecents="true"
47-->[androidx.glance:glance-appwidget:1.1.1] AndroidManifest.xml:26:13-46
48            android:exported="false"
48-->[androidx.glance:glance-appwidget:1.1.1] AndroidManifest.xml:27:13-37
49            android:theme="@android:style/Theme.NoDisplay" />
49-->[androidx.glance:glance-appwidget:1.1.1] AndroidManifest.xml:28:13-59
50        <activity
50-->[androidx.glance:glance-appwidget:1.1.1] AndroidManifest.xml:29:9-36:81
51            android:name="androidx.glance.appwidget.action.InvisibleActionTrampolineActivity"
51-->[androidx.glance:glance-appwidget:1.1.1] AndroidManifest.xml:30:13-94
52            android:enabled="true"
52-->[androidx.glance:glance-appwidget:1.1.1] AndroidManifest.xml:31:13-35
53            android:exported="false"
53-->[androidx.glance:glance-appwidget:1.1.1] AndroidManifest.xml:32:13-37
54            android:launchMode="singleInstance"
54-->[androidx.glance:glance-appwidget:1.1.1] AndroidManifest.xml:33:13-48
55            android:noHistory="true"
55-->[androidx.glance:glance-appwidget:1.1.1] AndroidManifest.xml:34:13-37
56            android:taskAffinity="androidx.glance.appwidget.ListAdapterCallbackTrampoline"
56-->[androidx.glance:glance-appwidget:1.1.1] AndroidManifest.xml:35:13-91
57            android:theme="@style/Widget.Glance.AppWidget.CallbackTrampoline" />
57-->[androidx.glance:glance-appwidget:1.1.1] AndroidManifest.xml:36:13-78
58
59        <receiver
59-->[androidx.glance:glance-appwidget:1.1.1] AndroidManifest.xml:38:9-41:40
60            android:name="androidx.glance.appwidget.action.ActionCallbackBroadcastReceiver"
60-->[androidx.glance:glance-appwidget:1.1.1] AndroidManifest.xml:39:13-92
61            android:enabled="true"
61-->[androidx.glance:glance-appwidget:1.1.1] AndroidManifest.xml:40:13-35
62            android:exported="false" />
62-->[androidx.glance:glance-appwidget:1.1.1] AndroidManifest.xml:41:13-37
63        <receiver
63-->[androidx.glance:glance-appwidget:1.1.1] AndroidManifest.xml:42:9-45:40
64            android:name="androidx.glance.appwidget.UnmanagedSessionReceiver"
64-->[androidx.glance:glance-appwidget:1.1.1] AndroidManifest.xml:43:13-78
65            android:enabled="true"
65-->[androidx.glance:glance-appwidget:1.1.1] AndroidManifest.xml:44:13-35
66            android:exported="false" />
66-->[androidx.glance:glance-appwidget:1.1.1] AndroidManifest.xml:45:13-37
67        <receiver
67-->[androidx.glance:glance-appwidget:1.1.1] AndroidManifest.xml:46:9-53:20
68            android:name="androidx.glance.appwidget.MyPackageReplacedReceiver"
68-->[androidx.glance:glance-appwidget:1.1.1] AndroidManifest.xml:47:13-79
69            android:enabled="true"
69-->[androidx.glance:glance-appwidget:1.1.1] AndroidManifest.xml:48:13-35
70            android:exported="false" >
70-->[androidx.glance:glance-appwidget:1.1.1] AndroidManifest.xml:49:13-37
71            <intent-filter>
71-->[androidx.glance:glance-appwidget:1.1.1] AndroidManifest.xml:50:13-52:29
72                <action android:name="android.intent.action.MY_PACKAGE_REPLACED" />
72-->[androidx.glance:glance-appwidget:1.1.1] AndroidManifest.xml:51:17-84
72-->[androidx.glance:glance-appwidget:1.1.1] AndroidManifest.xml:51:25-81
73            </intent-filter>
74        </receiver>
75
76        <service
76-->[androidx.glance:glance-appwidget:1.1.1] AndroidManifest.xml:55:9-58:72
77            android:name="androidx.glance.appwidget.GlanceRemoteViewsService"
77-->[androidx.glance:glance-appwidget:1.1.1] AndroidManifest.xml:56:13-78
78            android:exported="true"
78-->[androidx.glance:glance-appwidget:1.1.1] AndroidManifest.xml:57:13-36
79            android:permission="android.permission.BIND_REMOTEVIEWS" />
79-->[androidx.glance:glance-appwidget:1.1.1] AndroidManifest.xml:58:13-69
80
81        <provider
81-->[androidx.work:work-runtime:2.10.0] AndroidManifest.xml:29:9-37:20
82            android:name="androidx.startup.InitializationProvider"
82-->[androidx.work:work-runtime:2.10.0] AndroidManifest.xml:30:13-67
83            android:authorities="com.example.patchtracker.androidx-startup"
83-->[androidx.work:work-runtime:2.10.0] AndroidManifest.xml:31:13-68
84            android:exported="false" >
84-->[androidx.work:work-runtime:2.10.0] AndroidManifest.xml:32:13-37
85            <meta-data
85-->[androidx.work:work-runtime:2.10.0] AndroidManifest.xml:34:13-36:52
86                android:name="androidx.work.WorkManagerInitializer"
86-->[androidx.work:work-runtime:2.10.0] AndroidManifest.xml:35:17-68
87                android:value="androidx.startup" />
87-->[androidx.work:work-runtime:2.10.0] AndroidManifest.xml:36:17-49
88            <meta-data
88-->[androidx.emoji2:emoji2:1.3.0] AndroidManifest.xml:29:13-31:52
89                android:name="androidx.emoji2.text.EmojiCompatInitializer"
89-->[androidx.emoji2:emoji2:1.3.0] AndroidManifest.xml:30:17-75
90                android:value="androidx.startup" />
90-->[androidx.emoji2:emoji2:1.3.0] AndroidManifest.xml:31:17-49
91            <meta-data
91-->[androidx.lifecycle:lifecycle-process:2.8.7] AndroidManifest.xml:29:13-31:52
92                android:name="androidx.lifecycle.ProcessLifecycleInitializer"
92-->[androidx.lifecycle:lifecycle-process:2.8.7] AndroidManifest.xml:30:17-78
93                android:value="androidx.startup" />
93-->[androidx.lifecycle:lifecycle-process:2.8.7] AndroidManifest.xml:31:17-49
94            <meta-data
94-->[androidx.profileinstaller:profileinstaller:1.3.1] AndroidManifest.xml:29:13-31:52
95                android:name="androidx.profileinstaller.ProfileInstallerInitializer"
95-->[androidx.profileinstaller:profileinstaller:1.3.1] AndroidManifest.xml:30:17-85
96                android:value="androidx.startup" />
96-->[androidx.profileinstaller:profileinstaller:1.3.1] AndroidManifest.xml:31:17-49
97        </provider>
98
99        <service
99-->[androidx.work:work-runtime:2.10.0] AndroidManifest.xml:39:9-45:35
100            android:name="androidx.work.impl.background.systemalarm.SystemAlarmService"
100-->[androidx.work:work-runtime:2.10.0] AndroidManifest.xml:40:13-88
101            android:directBootAware="false"
101-->[androidx.work:work-runtime:2.10.0] AndroidManifest.xml:41:13-44
102            android:enabled="@bool/enable_system_alarm_service_default"
102-->[androidx.work:work-runtime:2.10.0] AndroidManifest.xml:42:13-72
103            android:exported="false" />
103-->[androidx.work:work-runtime:2.10.0] AndroidManifest.xml:43:13-37
104        <service
104-->[androidx.work:work-runtime:2.10.0] AndroidManifest.xml:46:9-52:35
105            android:name="androidx.work.impl.background.systemjob.SystemJobService"
105-->[androidx.work:work-runtime:2.10.0] AndroidManifest.xml:47:13-84
106            android:directBootAware="false"
106-->[androidx.work:work-runtime:2.10.0] AndroidManifest.xml:48:13-44
107            android:enabled="@bool/enable_system_job_service_default"
107-->[androidx.work:work-runtime:2.10.0] AndroidManifest.xml:49:13-70
108            android:exported="true"
108-->[androidx.work:work-runtime:2.10.0] AndroidManifest.xml:50:13-36
109            android:permission="android.permission.BIND_JOB_SERVICE" />
109-->[androidx.work:work-runtime:2.10.0] AndroidManifest.xml:51:13-69
110        <service
110-->[androidx.work:work-runtime:2.10.0] AndroidManifest.xml:53:9-59:35
111            android:name="androidx.work.impl.foreground.SystemForegroundService"
111-->[androidx.work:work-runtime:2.10.0] AndroidManifest.xml:54:13-81
112            android:directBootAware="false"
112-->[androidx.work:work-runtime:2.10.0] AndroidManifest.xml:55:13-44
113            android:enabled="@bool/enable_system_foreground_service_default"
113-->[androidx.work:work-runtime:2.10.0] AndroidManifest.xml:56:13-77
114            android:exported="false" />
114-->[androidx.work:work-runtime:2.10.0] AndroidManifest.xml:57:13-37
115
116        <receiver
116-->[androidx.work:work-runtime:2.10.0] AndroidManifest.xml:61:9-66:35
117            android:name="androidx.work.impl.utils.ForceStopRunnable$BroadcastReceiver"
117-->[androidx.work:work-runtime:2.10.0] AndroidManifest.xml:62:13-88
118            android:directBootAware="false"
118-->[androidx.work:work-runtime:2.10.0] AndroidManifest.xml:63:13-44
119            android:enabled="true"
119-->[androidx.work:work-runtime:2.10.0] AndroidManifest.xml:64:13-35
120            android:exported="false" />
120-->[androidx.work:work-runtime:2.10.0] AndroidManifest.xml:65:13-37
121        <receiver
121-->[androidx.work:work-runtime:2.10.0] AndroidManifest.xml:67:9-77:20
122            android:name="androidx.work.impl.background.systemalarm.ConstraintProxy$BatteryChargingProxy"
122-->[androidx.work:work-runtime:2.10.0] AndroidManifest.xml:68:13-106
123            android:directBootAware="false"
123-->[androidx.work:work-runtime:2.10.0] AndroidManifest.xml:69:13-44
124            android:enabled="false"
124-->[androidx.work:work-runtime:2.10.0] AndroidManifest.xml:70:13-36
125            android:exported="false" >
125-->[androidx.work:work-runtime:2.10.0] AndroidManifest.xml:71:13-37
126            <intent-filter>
126-->[androidx.work:work-runtime:2.10.0] AndroidManifest.xml:73:13-76:29
127                <action android:name="android.intent.action.ACTION_POWER_CONNECTED" />
127-->[androidx.work:work-runtime:2.10.0] AndroidManifest.xml:74:17-87
127-->[androidx.work:work-runtime:2.10.0] AndroidManifest.xml:74:25-84
128                <action android:name="android.intent.action.ACTION_POWER_DISCONNECTED" />
128-->[androidx.work:work-runtime:2.10.0] AndroidManifest.xml:75:17-90
128-->[androidx.work:work-runtime:2.10.0] AndroidManifest.xml:75:25-87
129            </intent-filter>
130        </receiver>
131        <receiver
131-->[androidx.work:work-runtime:2.10.0] AndroidManifest.xml:78:9-88:20
132            android:name="androidx.work.impl.background.systemalarm.ConstraintProxy$BatteryNotLowProxy"
132-->[androidx.work:work-runtime:2.10.0] AndroidManifest.xml:79:13-104
133            android:directBootAware="false"
133-->[androidx.work:work-runtime:2.10.0] AndroidManifest.xml:80:13-44
134            android:enabled="false"
134-->[androidx.work:work-runtime:2.10.0] AndroidManifest.xml:81:13-36
135            android:exported="false" >
135-->[androidx.work:work-runtime:2.10.0] AndroidManifest.xml:82:13-37
136            <intent-filter>
136-->[androidx.work:work-runtime:2.10.0] AndroidManifest.xml:84:13-87:29
137                <action android:name="android.intent.action.BATTERY_OKAY" />
137-->[androidx.work:work-runtime:2.10.0] AndroidManifest.xml:85:17-77
137-->[androidx.work:work-runtime:2.10.0] AndroidManifest.xml:85:25-74
138                <action android:name="android.intent.action.BATTERY_LOW" />
138-->[androidx.work:work-runtime:2.10.0] AndroidManifest.xml:86:17-76
138-->[androidx.work:work-runtime:2.10.0] AndroidManifest.xml:86:25-73
139            </intent-filter>
140        </receiver>
141        <receiver
141-->[androidx.work:work-runtime:2.10.0] AndroidManifest.xml:89:9-99:20
142            android:name="androidx.work.impl.background.systemalarm.ConstraintProxy$StorageNotLowProxy"
142-->[androidx.work:work-runtime:2.10.0] AndroidManifest.xml:90:13-104
143            android:directBootAware="false"
143-->[androidx.work:work-runtime:2.10.0] AndroidManifest.xml:91:13-44
144            android:enabled="false"
144-->[androidx.work:work-runtime:2.10.0] AndroidManifest.xml:92:13-36
145            android:exported="false" >
145-->[androidx.work:work-runtime:2.10.0] AndroidManifest.xml:93:13-37
146            <intent-filter>
146-->[androidx.work:work-runtime:2.10.0] AndroidManifest.xml:95:13-98:29
147                <action android:name="android.intent.action.DEVICE_STORAGE_LOW" />
147-->[androidx.work:work-runtime:2.10.0] AndroidManifest.xml:96:17-83
147-->[androidx.work:work-runtime:2.10.0] AndroidManifest.xml:96:25-80
148                <action android:name="android.intent.action.DEVICE_STORAGE_OK" />
148-->[androidx.work:work-runtime:2.10.0] AndroidManifest.xml:97:17-82
148-->[androidx.work:work-runtime:2.10.0] AndroidManifest.xml:97:25-79
149            </intent-filter>
150        </receiver>
151        <receiver
151-->[androidx.work:work-runtime:2.10.0] AndroidManifest.xml:100:9-109:20
152            android:name="androidx.work.impl.background.systemalarm.ConstraintProxy$NetworkStateProxy"
152-->[androidx.work:work-runtime:2.10.0] AndroidManifest.xml:101:13-103
153            android:directBootAware="false"
153-->[androidx.work:work-runtime:2.10.0] AndroidManifest.xml:102:13-44
154            android:enabled="false"
154-->[androidx.work:work-runtime:2.10.0] AndroidManifest.xml:103:13-36
155            android:exported="false" >
155-->[androidx.work:work-runtime:2.10.0] AndroidManifest.xml:104:13-37
156            <intent-filter>
156-->[androidx.work:work-runtime:2.10.0] AndroidManifest.xml:106:13-108:29
157                <action android:name="android.net.conn.CONNECTIVITY_CHANGE" />
157-->[androidx.work:work-runtime:2.10.0] AndroidManifest.xml:107:17-79
157-->[androidx.work:work-runtime:2.10.0] AndroidManifest.xml:107:25-76
158            </intent-filter>
159        </receiver>
160        <receiver
160-->[androidx.work:work-runtime:2.10.0] AndroidManifest.xml:110:9-121:20
161            android:name="androidx.work.impl.background.systemalarm.RescheduleReceiver"
161-->[androidx.work:work-runtime:2.10.0] AndroidManifest.xml:111:13-88
162            android:directBootAware="false"
162-->[androidx.work:work-runtime:2.10.0] AndroidManifest.xml:112:13-44
163            android:enabled="false"
163-->[androidx.work:work-runtime:2.10.0] AndroidManifest.xml:113:13-36
164            android:exported="false" >
164-->[androidx.work:work-runtime:2.10.0] AndroidManifest.xml:114:13-37
165            <intent-filter>
165-->[androidx.work:work-runtime:2.10.0] AndroidManifest.xml:116:13-120:29
166                <action android:name="android.intent.action.BOOT_COMPLETED" />
166-->[androidx.work:work-runtime:2.10.0] AndroidManifest.xml:117:17-79
166-->[androidx.work:work-runtime:2.10.0] AndroidManifest.xml:117:25-76
167                <action android:name="android.intent.action.TIME_SET" />
167-->[androidx.work:work-runtime:2.10.0] AndroidManifest.xml:118:17-73
167-->[androidx.work:work-runtime:2.10.0] AndroidManifest.xml:118:25-70
168                <action android:name="android.intent.action.TIMEZONE_CHANGED" />
168-->[androidx.work:work-runtime:2.10.0] AndroidManifest.xml:119:17-81
168-->[androidx.work:work-runtime:2.10.0] AndroidManifest.xml:119:25-78
169            </intent-filter>
170        </receiver>
171        <receiver
171-->[androidx.work:work-runtime:2.10.0] AndroidManifest.xml:122:9-131:20
172            android:name="androidx.work.impl.background.systemalarm.ConstraintProxyUpdateReceiver"
172-->[androidx.work:work-runtime:2.10.0] AndroidManifest.xml:123:13-99
173            android:directBootAware="false"
173-->[androidx.work:work-runtime:2.10.0] AndroidManifest.xml:124:13-44
174            android:enabled="@bool/enable_system_alarm_service_default"
174-->[androidx.work:work-runtime:2.10.0] AndroidManifest.xml:125:13-72
175            android:exported="false" >
175-->[androidx.work:work-runtime:2.10.0] AndroidManifest.xml:126:13-37
176            <intent-filter>
176-->[androidx.work:work-runtime:2.10.0] AndroidManifest.xml:128:13-130:29
177                <action android:name="androidx.work.impl.background.systemalarm.UpdateProxies" />
177-->[androidx.work:work-runtime:2.10.0] AndroidManifest.xml:129:17-98
177-->[androidx.work:work-runtime:2.10.0] AndroidManifest.xml:129:25-95
178            </intent-filter>
179        </receiver>
180        <receiver
180-->[androidx.work:work-runtime:2.10.0] AndroidManifest.xml:132:9-142:20
181            android:name="androidx.work.impl.diagnostics.DiagnosticsReceiver"
181-->[androidx.work:work-runtime:2.10.0] AndroidManifest.xml:133:13-78
182            android:directBootAware="false"
182-->[androidx.work:work-runtime:2.10.0] AndroidManifest.xml:134:13-44
183            android:enabled="true"
183-->[androidx.work:work-runtime:2.10.0] AndroidManifest.xml:135:13-35
184            android:exported="true"
184-->[androidx.work:work-runtime:2.10.0] AndroidManifest.xml:136:13-36
185            android:permission="android.permission.DUMP" >
185-->[androidx.work:work-runtime:2.10.0] AndroidManifest.xml:137:13-57
186            <intent-filter>
186-->[androidx.work:work-runtime:2.10.0] AndroidManifest.xml:139:13-141:29
187                <action android:name="androidx.work.diagnostics.REQUEST_DIAGNOSTICS" />
187-->[androidx.work:work-runtime:2.10.0] AndroidManifest.xml:140:17-88
187-->[androidx.work:work-runtime:2.10.0] AndroidManifest.xml:140:25-85
188            </intent-filter>
189        </receiver>
190
191        <service
191-->[androidx.core:core-remoteviews:1.1.0] AndroidManifest.xml:24:9-27:63
192            android:name="androidx.core.widget.RemoteViewsCompatService"
192-->[androidx.core:core-remoteviews:1.1.0] AndroidManifest.xml:25:13-73
193            android:permission="android.permission.BIND_REMOTEVIEWS" />
193-->[androidx.core:core-remoteviews:1.1.0] AndroidManifest.xml:26:13-69
194        <service
194-->[androidx.room:room-runtime:2.6.1] AndroidManifest.xml:24:9-28:63
195            android:name="androidx.room.MultiInstanceInvalidationService"
195-->[androidx.room:room-runtime:2.6.1] AndroidManifest.xml:25:13-74
196            android:directBootAware="true"
196-->[androidx.room:room-runtime:2.6.1] AndroidManifest.xml:26:13-43
197            android:exported="false" />
197-->[androidx.room:room-runtime:2.6.1] AndroidManifest.xml:27:13-37
198
199        <receiver
199-->[androidx.profileinstaller:profileinstaller:1.3.1] AndroidManifest.xml:34:9-52:20
200            android:name="androidx.profileinstaller.ProfileInstallReceiver"
200-->[androidx.profileinstaller:profileinstaller:1.3.1] AndroidManifest.xml:35:13-76
201            android:directBootAware="false"
201-->[androidx.profileinstaller:profileinstaller:1.3.1] AndroidManifest.xml:36:13-44
202            android:enabled="true"
202-->[androidx.profileinstaller:profileinstaller:1.3.1] AndroidManifest.xml:37:13-35
203            android:exported="true"
203-->[androidx.profileinstaller:profileinstaller:1.3.1] AndroidManifest.xml:38:13-36
204            android:permission="android.permission.DUMP" >
204-->[androidx.profileinstaller:profileinstaller:1.3.1] AndroidManifest.xml:39:13-57
205            <intent-filter>
205-->[androidx.profileinstaller:profileinstaller:1.3.1] AndroidManifest.xml:40:13-42:29
206                <action android:name="androidx.profileinstaller.action.INSTALL_PROFILE" />
206-->[androidx.profileinstaller:profileinstaller:1.3.1] AndroidManifest.xml:41:17-91
206-->[androidx.profileinstaller:profileinstaller:1.3.1] AndroidManifest.xml:41:25-88
207            </intent-filter>
208            <intent-filter>
208-->[androidx.profileinstaller:profileinstaller:1.3.1] AndroidManifest.xml:43:13-45:29
209                <action android:name="androidx.profileinstaller.action.SKIP_FILE" />
209-->[androidx.profileinstaller:profileinstaller:1.3.1] AndroidManifest.xml:44:17-85
209-->[androidx.profileinstaller:profileinstaller:1.3.1] AndroidManifest.xml:44:25-82
210            </intent-filter>
211            <intent-filter>
211-->[androidx.profileinstaller:profileinstaller:1.3.1] AndroidManifest.xml:46:13-48:29
212                <action android:name="androidx.profileinstaller.action.SAVE_PROFILE" />
212-->[androidx.profileinstaller:profileinstaller:1.3.1] AndroidManifest.xml:47:17-88
212-->[androidx.profileinstaller:profileinstaller:1.3.1] AndroidManifest.xml:47:25-85
213            </intent-filter>
214            <intent-filter>
214-->[androidx.profileinstaller:profileinstaller:1.3.1] AndroidManifest.xml:49:13-51:29
215                <action android:name="androidx.profileinstaller.action.BENCHMARK_OPERATION" />
215-->[androidx.profileinstaller:profileinstaller:1.3.1] AndroidManifest.xml:50:17-95
215-->[androidx.profileinstaller:profileinstaller:1.3.1] AndroidManifest.xml:50:25-92
216            </intent-filter>
217        </receiver>
218    </application>
219
220</manifest>